<?xml version="1.0" encoding="UTF-8" standalone="no"?>
<!DOCTYPE log SYSTEM "logger.dtd">
<log>
<record>
  <date>2015-11-03T17:57:54</date>
  <millis>1446544674501</millis>
  <sequence>0</sequence>
  <logger>com.cs2013t143j.TaskBuddyM.Logic.Logic</logger>
  <level>INFO</level>
  <class>com.cs2013t143j.TaskBuddyM.Logic.Logic</class>
  <method>&lt;init&gt;</method>
  <thread>14</thread>
  <message>Run with all components</message>
</record>
<record>
  <date>2015-11-03T17:57:57</date>
  <millis>1446544677270</millis>
  <sequence>1</sequence>
  <logger>com.cs2013t143j.TaskBuddyM.Logic.Logic</logger>
  <level>INFO</level>
  <class>com.cs2013t143j.TaskBuddyM.Logic.Logic</class>
  <method>executeCommand</method>
  <thread>14</thread>
  <message>Command entered</message>
  <param>d</param>
</record>
<record>
  <date>2015-11-03T17:57:57</date>
  <millis>1446544677289</millis>
  <sequence>2</sequence>
  <logger>com.cs2013t143j.TaskBuddyM.Logic.Logic</logger>
  <level>INFO</level>
  <class>com.cs2013t143j.TaskBuddyM.Logic.Logic</class>
  <method>executeCommand</method>
  <thread>14</thread>
  <message>Command to Execute</message>
  <param>Display All</param>
</record>
<record>
  <date>2015-11-03T17:57:59</date>
  <millis>1446544679598</millis>
  <sequence>3</sequence>
  <logger>com.cs2013t143j.TaskBuddyM.Logic.Logic</logger>
  <level>INFO</level>
  <class>com.cs2013t143j.TaskBuddyM.Logic.Logic</class>
  <method>executeCommand</method>
  <thread>14</thread>
  <message>Command entered</message>
  <param>help add</param>
</record>
<record>
  <date>2015-11-03T17:57:59</date>
  <millis>1446544679600</millis>
  <sequence>4</sequence>
  <logger>com.cs2013t143j.TaskBuddyM.Logic.Logic</logger>
  <level>INFO</level>
  <class>com.cs2013t143j.TaskBuddyM.Logic.Logic</class>
  <method>executeCommand</method>
  <thread>14</thread>
  <message>Command to Execute</message>
  <param>Help</param>
</record>
</log>
